<?xml version="1.0" encoding="UTF-8"?>
<!-- Generated by org.testng.reporters.JUnitXMLReporter -->
<testsuite ignored="4" hostname="LAPTOP-FL98232P" failures="0" tests="2" name="TestRunner1" time="45.838" errors="0" timestamp="2023-06-28T14:49:00 IST">
  <testcase classname="Campaign.GenericCreateCampaignTest" name="GenericCreateCampaignTest" time="9.808"/>
  <testcase classname="Campaign.GenericCreateGampaignWithProductTest" name="GenericCreateGampaignWithProductTest" time="20.153"/>
  <testcase classname="Generic_Utility.BaseClass" name="@BeforeSuite beforeSuite" time="0.0">
    <ignored/>
  </testcase> <!-- @BeforeSuite beforeSuite -->
  <testcase classname="Generic_Utility.BaseClass" name="@AfterSuite afterSuite" time="0.0">
    <ignored/>
  </testcase> <!-- @AfterSuite afterSuite -->
  <testcase classname="Generic_Utility.BaseClass" name="@BeforeTest beforeTest" time="0.0">
    <ignored/>
  </testcase> <!-- @BeforeTest beforeTest -->
  <testcase classname="Generic_Utility.BaseClass" name="@AfterTest afterTest" time="0.0">
    <ignored/>
  </testcase> <!-- @AfterTest afterTest -->
</testsuite> <!-- TestRunner1 -->
