<?xml version="1.0" encoding="UTF-8"?>
<!-- Generated by org.testng.reporters.JUnitXMLReporter -->
<testsuite ignored="0" hostname="LAPTOP-FL98232P" failures="1" tests="2" name="Test" time="12.016" errors="0" timestamp="2023-07-04T12:45:34 IST">
  <testcase classname="Organisation.GenericOrganisationTest" name="GenericOrganisationTest" time="5.942"/>
  <testcase classname="Organisation.GenericOrganisationTest" name="GenericOrganisationTest" time="8.146">
    <failure type="java.lang.NullPointerException" message="Cannot invoke &amp;quot;com.aventstack.extentreports.ExtentTest.log(com.aventstack.extentreports.Status, String)&amp;quot; because &amp;quot;this.test&amp;quot; is null">
      <![CDATA[java.lang.NullPointerException: Cannot invoke "com.aventstack.extentreports.ExtentTest.log(com.aventstack.extentreports.Status, String)" because "this.test" is null
at Generic_Utility.ExtendReportImp.onTestSuccess(ExtendReportImp.java:37)
at java.base/java.util.ArrayList.forEach(ArrayList.java:1511)
... Removed 24 stack frames]]>
    </failure>
  </testcase> <!-- GenericOrganisationTest -->
</testsuite> <!-- Test -->
